2023-10-01 11:57:52,525 - INFO - Coletando links de cervejas brasileiras do 'top rated'...
2023-10-01 11:57:52,546 - INFO - Feito.
2023-10-01 11:57:57,889 - INFO - Número total de cervejas no 'top rated' do Brasil: 50
2023-10-01 12:26:29,391 - INFO - Coletando links de cervejas brasileiras do 'top rated'...
2023-10-01 12:26:29,410 - INFO - Feito.
2023-10-01 12:26:33,579 - INFO - Número total de cervejas no 'top rated' do Brasil: 50
2023-10-01 12:27:18,063 - INFO - Iniciando uma sessão...
2023-10-01 12:27:18,065 - INFO - A iteração começará agora...
2023-10-01 12:28:14,243 - INFO - Coleta das infos das cervejas levou 56s para ser executado.
2023-10-01 12:34:50,871 - INFO - Iniciando uma sessão...
2023-10-01 12:34:50,872 - INFO - A iteração começará agora...
2023-10-01 12:35:46,446 - INFO - Coleta das infos das cervejas levou 55s para ser executado.
2023-10-01 12:35:46,449 - INFO - Operação concluída! A lista filtrada possui 3 cervejas.
2023-10-01 12:42:04,928 - INFO - Iniciando uma sessão...
2023-10-01 12:42:04,933 - INFO - A iteração começará agora...
2023-10-01 12:42:54,035 - INFO - Coleta das infos das cervejas levou 49s para ser executado.
2023-10-01 12:42:54,037 - INFO - Operação concluída! A lista filtrada possui 3 cervejas.
2023-10-01 12:47:36,578 - INFO - Iniciando uma sessão...
2023-10-01 12:47:36,581 - INFO - A iteração começará agora...
2023-10-01 12:48:31,223 - INFO - Coleta das infos das cervejas levou 54s para ser executado.
2023-10-01 12:48:31,233 - INFO - Operação concluída! A lista filtrada possui 80 cervejas.
2023-10-01 12:50:11,397 - INFO - Iniciando uma sessão...
2023-10-01 12:50:11,401 - INFO - A iteração começará agora...
2023-10-01 12:50:58,692 - INFO - Coleta das infos das cervejas levou 47s para ser executado.
2023-10-01 12:50:58,695 - INFO - Operação concluída! A lista filtrada possui 3 cervejas.
2023-10-01 12:53:30,271 - INFO - Iniciando uma sessão...
2023-10-01 12:53:30,273 - INFO - A iteração começará agora...
2023-10-01 12:55:41,727 - INFO - Iniciando uma sessão...
2023-10-01 12:55:41,731 - INFO - A iteração começará agora...
2023-10-01 12:56:37,744 - INFO - Iniciando uma sessão...
2023-10-01 12:56:37,746 - INFO - A iteração começará agora...
2023-10-01 12:57:25,641 - INFO - Coleta das infos das cervejas levou 47s para ser executado.
2023-10-01 12:57:25,645 - INFO - Operação concluída! A lista filtrada possui 3 cervejas.
2023-10-01 12:59:46,548 - INFO - Iniciando uma sessão...
2023-10-01 12:59:46,551 - INFO - A iteração começará agora...
2023-10-01 13:00:35,824 - INFO - Coleta das infos das cervejas levou 49s para ser executado.
2023-10-01 13:00:35,828 - INFO - Operação concluída! A lista filtrada possui 50 cervejas.
2023-10-01 13:26:39,259 - INFO - Exportando a lista de cervejas do top rated...
