2023-10-08 20:46:29,208 - INFO - Iniciando uma sessão...
2023-10-08 20:46:29,209 - INFO - A iteração começará agora...
2023-10-08 20:46:31,297 - INFO - Iniciando uma sessão...
2023-10-08 20:46:31,299 - INFO - A iteração começará agora...
2023-10-08 20:46:32,485 - INFO - Usuário brasileiro encontrado (/user/DannyKass, cidade: Barcelona)! Adicionando à nova lista...
2023-10-08 20:46:41,849 - INFO - Usuário brasileiro encontrado (/user/Rodrigostolf, cidade: São Paulo)! Adicionando à nova lista...
2023-10-08 20:46:45,854 - INFO - Possível usuário brasileiro encontrado (/user/Jackie_Sabino, cidade: Belo Horizonte , 97% de similaridade com Belo Horizonte)! Adicionando à nova lista...
2023-10-08 20:46:45,854 - INFO - Adicionando também ao dicionário de revisão manual...
2023-10-08 20:46:50,732 - INFO - Usuário brasileiro encontrado (/user/caio_plazas_745, cidade: São Carlos)! Adicionando à nova lista...
2023-10-08 20:46:59,460 - INFO - Usuário brasileiro encontrado (/user/PedroMachini, cidade: São Paulo)! Adicionando à nova lista...
2023-10-08 20:47:00,189 - INFO - Possível usuário brasileiro encontrado (/user/Caldani, cidade: Brasil, 80% de similaridade com Brasiléia)! Adicionando à nova lista...
2023-10-08 20:47:00,189 - INFO - Adicionando também ao dicionário de revisão manual...
2023-10-08 20:47:02,417 - INFO - Usuário brasileiro encontrado (/user/pequenomestrex, cidade: São Paulo)! Adicionando à nova lista...
2023-10-08 20:47:03,987 - INFO - Usuário brasileiro encontrado (/user/marlosmoncores, cidade: Rio de Janeiro)! Adicionando à nova lista...
2023-10-08 20:47:12,267 - INFO - Possível usuário brasileiro encontrado (/user/anapmuniz, cidade: Rio do Sul - SC, 80% de similaridade com Rio do Sul)! Adicionando à nova lista...
2023-10-08 20:47:12,268 - INFO - Adicionando também ao dicionário de revisão manual...
2023-10-08 20:47:12,935 - INFO - Possível usuário brasileiro encontrado (/user/neutofm, cidade: Realeza PR, 82% de similaridade com Realeza)! Adicionando à nova lista...
2023-10-08 20:47:12,935 - INFO - Adicionando também ao dicionário de revisão manual...
2023-10-08 20:47:14,218 - INFO - Possível usuário brasileiro encontrado (/user/Hoppylovin, cidade: California, 90% de similaridade com Califórnia)! Adicionando à nova lista...
2023-10-08 20:47:14,218 - INFO - Adicionando também ao dicionário de revisão manual...
2023-10-08 20:47:18,680 - INFO - Possível usuário brasileiro encontrado (/user/ducereto, cidade: Realeza-PR, 82% de similaridade com Realeza)! Adicionando à nova lista...
2023-10-08 20:47:18,680 - INFO - Adicionando também ao dicionário de revisão manual...
2023-10-08 20:47:19,582 - INFO - Usuário brasileiro encontrado (/user/asiviero, cidade: São Paulo)! Adicionando à nova lista...
2023-10-08 20:47:22,876 - INFO - Possível usuário brasileiro encontrado (/user/lfvcastro, cidade: Rondonopolis MT, 81% de similaridade com Rondonópolis)! Adicionando à nova lista...
2023-10-08 20:47:22,876 - INFO - Adicionando também ao dicionário de revisão manual...
2023-10-08 20:47:25,603 - INFO - Usuário brasileiro encontrado (/user/factoide, cidade: Cuiabá)! Adicionando à nova lista...
2023-10-08 20:47:26,509 - INFO - Possível usuário brasileiro encontrado (/user/Flandatico, cidade: São Paulo , 95% de similaridade com São Paulo)! Adicionando à nova lista...
2023-10-08 20:47:26,509 - INFO - Adicionando também ao dicionário de revisão manual...
2023-10-08 20:47:30,829 - INFO - Possível usuário brasileiro encontrado (/user/jessbacca, cidade: California, 90% de similaridade com Califórnia)! Adicionando à nova lista...
2023-10-08 20:47:30,829 - INFO - Adicionando também ao dicionário de revisão manual...
2023-10-08 20:47:33,492 - INFO - Possível usuário brasileiro encontrado (/user/BarbozaPlinio, cidade: Aracajú , 80% de similaridade com Aracaju)! Adicionando à nova lista...
2023-10-08 20:47:33,492 - INFO - Adicionando também ao dicionário de revisão manual...
2023-10-08 20:47:34,812 - INFO - Possível usuário brasileiro encontrado (/user/Andreatta35, cidade: São Paulo , 95% de similaridade com São Paulo)! Adicionando à nova lista...
2023-10-08 20:47:34,812 - INFO - Adicionando também ao dicionário de revisão manual...
2023-10-08 20:47:41,638 - INFO - Possível usuário brasileiro encontrado (/user/paulovho, cidade: Florianopolis, 92% de similaridade com Florianópolis)! Adicionando à nova lista...
2023-10-08 20:47:41,638 - INFO - Adicionando também ao dicionário de revisão manual...
2023-10-08 20:47:42,028 - INFO - Usuário brasileiro encontrado (/user/herisonfgarcia, cidade: Umuarama)! Adicionando à nova lista...
2023-10-08 20:48:52,446 - INFO - Possível usuário brasileiro encontrado (/user/ahurrieta, cidade: Colorado , 94% de similaridade com Colorado)! Adicionando à nova lista...
2023-10-08 20:48:52,447 - INFO - Adicionando também ao dicionário de revisão manual...
2023-10-08 20:48:54,147 - INFO - Usuário brasileiro encontrado (/user/luissa9, cidade: Porto)! Adicionando à nova lista...
2023-10-08 20:48:57,399 - INFO - Possível usuário brasileiro encontrado (/user/XploN, cidade: Madrid, 80% de similaridade com Mari)! Adicionando à nova lista...
2023-10-08 20:48:57,399 - INFO - Adicionando também ao dicionário de revisão manual...
2023-10-08 20:49:00,611 - INFO - Usuário brasileiro encontrado (/user/bicalho, cidade: Campinas)! Adicionando à nova lista...
2023-10-08 20:49:09,265 - INFO - Possível usuário brasileiro encontrado (/user/rogeriopxto, cidade: Joacaba, 86% de similaridade com Joaçaba)! Adicionando à nova lista...
2023-10-08 20:49:09,265 - INFO - Adicionando também ao dicionário de revisão manual...
2023-10-08 20:49:10,679 - INFO - Usuário brasileiro encontrado (/user/cadu_da_cerva, cidade: Guarulhos)! Adicionando à nova lista...
2023-10-08 20:49:13,327 - INFO - Possível usuário brasileiro encontrado (/user/PedroLeiter, cidade: Brasil, 80% de similaridade com Brasiléia)! Adicionando à nova lista...
2023-10-08 20:49:13,327 - INFO - Adicionando também ao dicionário de revisão manual...
2023-10-08 20:49:14,153 - INFO - Usuário brasileiro encontrado (/user/drisama, cidade: Barueri)! Adicionando à nova lista...
2023-10-08 20:49:15,932 - INFO - Possível usuário brasileiro encontrado (/user/Psarachini, cidade: Sao Paulo, 89% de similaridade com São Paulo)! Adicionando à nova lista...
2023-10-08 20:49:15,932 - INFO - Adicionando também ao dicionário de revisão manual...
2023-10-08 20:49:17,481 - INFO - Usuário brasileiro encontrado (/user/brunorsouto, cidade: Belo Horizonte)! Adicionando à nova lista...
2023-10-08 20:49:18,991 - INFO - Usuário brasileiro encontrado (/user/gustavomottap, cidade: Belo Horizonte)! Adicionando à nova lista...
2023-10-08 20:49:20,499 - INFO - Possível usuário brasileiro encontrado (/user/Michael_douglas, cidade: Belo Horizonte - MG, 85% de similaridade com Belo Horizonte)! Adicionando à nova lista...
2023-10-08 20:49:20,499 - INFO - Adicionando também ao dicionário de revisão manual...
2023-10-08 20:49:21,283 - INFO - Usuário brasileiro encontrado (/user/Solanosolano, cidade: Juiz de Fora)! Adicionando à nova lista...
2023-10-08 20:49:23,307 - INFO - Usuário brasileiro encontrado (/user/dbfortes, cidade: Porto Alegre)! Adicionando à nova lista...
2023-10-08 20:49:25,497 - INFO - Usuário brasileiro encontrado (/user/FabricioLopess, cidade: Belo Horizonte)! Adicionando à nova lista...
2023-10-08 20:49:26,110 - INFO - Usuário brasileiro encontrado (/user/Alexandre_Hyppolito, cidade: Guarulhos)! Adicionando à nova lista...
2023-10-08 20:49:26,789 - INFO - Possível usuário brasileiro encontrado (/user/MarceloMagnabosco, cidade: Belo Horizonte - MG, 85% de similaridade com Belo Horizonte)! Adicionando à nova lista...
2023-10-08 20:49:26,789 - INFO - Adicionando também ao dicionário de revisão manual...
2023-10-08 20:49:28,934 - INFO - Possível usuário brasileiro encontrado (/user/rodsf, cidade: Ribeirão Preto/SP, 90% de similaridade com Ribeirão Preto)! Adicionando à nova lista...
2023-10-08 20:49:28,934 - INFO - Adicionando também ao dicionário de revisão manual...
2023-10-08 20:49:30,727 - INFO - Possível usuário brasileiro encontrado (/user/Matheus_Fedel, cidade: Serra Negra SP, 88% de similaridade com Serra Negra)! Adicionando à nova lista...
2023-10-08 20:49:30,728 - INFO - Adicionando também ao dicionário de revisão manual...
2023-10-08 20:49:32,390 - INFO - Usuário brasileiro encontrado (/user/Fiocavallari, cidade: São Paulo)! Adicionando à nova lista...
2023-10-08 20:49:34,427 - INFO - Usuário brasileiro encontrado (/user/pequenomestrex, cidade: São Paulo)! Adicionando à nova lista...
2023-10-08 20:49:36,070 - INFO - Possível usuário brasileiro encontrado (/user/paulovho, cidade: Florianopolis, 92% de similaridade com Florianópolis)! Adicionando à nova lista...
2023-10-08 20:49:36,070 - INFO - Adicionando também ao dicionário de revisão manual...
2023-10-08 20:49:37,208 - INFO - Possível usuário brasileiro encontrado (/user/jurieel, cidade: Puerto Rico , 82% de similaridade com Porto Rico)! Adicionando à nova lista...
2023-10-08 20:49:37,209 - INFO - Adicionando também ao dicionário de revisão manual...
2023-10-08 20:49:38,649 - INFO - Possível usuário brasileiro encontrado (/user/ander_beer, cidade: Ribeirão Preto SP, 90% de similaridade com Ribeirão Preto)! Adicionando à nova lista...
2023-10-08 20:49:38,649 - INFO - Adicionando também ao dicionário de revisão manual...
2023-10-08 20:49:39,287 - INFO - Usuário brasileiro encontrado (/user/Davidandrei, cidade: Joaçaba)! Adicionando à nova lista...
2023-10-08 20:49:40,803 - INFO - Possível usuário brasileiro encontrado (/user/Luiz_Mauro, cidade: Araraquara/SP, 87% de similaridade com Araraquara)! Adicionando à nova lista...
2023-10-08 20:49:40,804 - INFO - Adicionando também ao dicionário de revisão manual...
2023-10-08 20:49:42,258 - INFO - Usuário brasileiro encontrado (/user/Aester, cidade: Ribeirão Preto)! Adicionando à nova lista...
2023-10-08 20:49:42,918 - INFO - Usuário brasileiro encontrado (/user/SheilaCavallari, cidade: Ribeirão Preto)! Adicionando à nova lista...
2023-10-08 20:49:43,745 - INFO - Usuário brasileiro encontrado (/user/vesoloski, cidade: Ribeirão Preto)! Adicionando à nova lista...
2023-10-08 20:49:47,430 - INFO - Usuário brasileiro encontrado (/user/CamilaCamui, cidade: Sorocaba)! Adicionando à nova lista...
2023-10-08 20:49:48,198 - INFO - Usuário brasileiro encontrado (/user/pteklas, cidade: Aveiro)! Adicionando à nova lista...
2023-10-08 20:49:49,128 - INFO - Possível usuário brasileiro encontrado (/user/Barbarabreus, cidade: Curitiba , 82% de similaridade com Muritiba)! Adicionando à nova lista...
2023-10-08 20:49:49,129 - INFO - Adicionando também ao dicionário de revisão manual...
2023-10-08 20:51:00,522 - INFO - Usuário brasileiro encontrado (/user/Markkeller, cidade: Barcelona)! Adicionando à nova lista...
2023-10-08 20:51:10,082 - INFO - Possível usuário brasileiro encontrado (/user/dmaurell, cidade: rio de janeiro, 86% de similaridade com Rio de Janeiro)! Adicionando à nova lista...
2023-10-08 20:51:10,097 - INFO - Adicionando também ao dicionário de revisão manual...
2023-10-08 20:51:12,541 - INFO - Usuário brasileiro encontrado (/user/asiviero, cidade: São Paulo)! Adicionando à nova lista...
2023-10-08 20:51:20,412 - INFO - Usuário brasileiro encontrado (/user/Jfsebastian, cidade: Barcelona)! Adicionando à nova lista...
2023-10-08 20:51:22,175 - INFO - Usuário brasileiro encontrado (/user/alexiunes, cidade: Belo Horizonte)! Adicionando à nova lista...
2023-10-08 20:51:23,130 - INFO - Possível usuário brasileiro encontrado (/user/carlos-alonso, cidade: Mataro, 80% de similaridade com Mata)! Adicionando à nova lista...
2023-10-08 20:51:23,130 - INFO - Adicionando também ao dicionário de revisão manual...
2023-10-08 20:51:24,490 - INFO - Possível usuário brasileiro encontrado (/user/BlackT00thGrin, cidade: Florida, 80% de similaridade com Floriano)! Adicionando à nova lista...
2023-10-08 20:51:24,490 - INFO - Adicionando também ao dicionário de revisão manual...
2023-10-08 20:51:32,410 - INFO - Possível usuário brasileiro encontrado (/user/IsabelMG, cidade: Gandia, 80% de similaridade com Goiandira)! Adicionando à nova lista...
2023-10-08 20:51:32,411 - INFO - Adicionando também ao dicionário de revisão manual...
2023-10-08 20:51:38,134 - INFO - Usuário brasileiro encontrado (/user/CatasCerveceras, cidade: Barcelona)! Adicionando à nova lista...
2023-10-08 20:51:39,991 - INFO - Possível usuário brasileiro encontrado (/user/carlosamorim, cidade: Fortaleza-CE, 86% de similaridade com Fortaleza)! Adicionando à nova lista...
2023-10-08 20:51:39,992 - INFO - Adicionando também ao dicionário de revisão manual...
2023-10-08 20:51:46,808 - INFO - Usuário brasileiro encontrado (/user/Alexandre_de_Campos, cidade: São Paulo)! Adicionando à nova lista...
2023-10-08 20:51:47,483 - INFO - Usuário brasileiro encontrado (/user/achadosebebidos, cidade: Belo Horizonte)! Adicionando à nova lista...
2023-10-08 20:51:48,181 - INFO - Usuário brasileiro encontrado (/user/mairakimura, cidade: Rio de Janeiro)! Adicionando à nova lista...
2023-10-08 20:51:51,631 - INFO - Usuário brasileiro encontrado (/user/echitto, cidade: Porto Alegre)! Adicionando à nova lista...
2023-10-08 20:51:54,496 - INFO - Usuário brasileiro encontrado (/user/odimitoge, cidade: Paraguaçu Paulista)! Adicionando à nova lista...
2023-10-08 20:51:55,112 - INFO - Usuário brasileiro encontrado (/user/carioca, cidade: São Paulo)! Adicionando à nova lista...
2023-10-08 20:51:56,620 - INFO - Usuário brasileiro encontrado (/user/edsonpj, cidade: Boituva)! Adicionando à nova lista...
2023-10-08 20:51:59,666 - INFO - Usuário brasileiro encontrado (/user/jmedeiro, cidade: Manaus)! Adicionando à nova lista...
2023-10-08 20:52:01,047 - INFO - Possível usuário brasileiro encontrado (/user/eddieruls, cidade: Barcelona , 95% de similaridade com Barcelona)! Adicionando à nova lista...
2023-10-08 20:52:01,047 - INFO - Adicionando também ao dicionário de revisão manual...
2023-10-08 20:52:02,461 - INFO - Usuário brasileiro encontrado (/user/miguelontheroad, cidade: Barcelona)! Adicionando à nova lista...
2023-10-08 20:52:05,535 - INFO - Usuário brasileiro encontrado (/user/mendo, cidade: São Paulo)! Adicionando à nova lista...
2023-10-08 20:52:07,984 - INFO - Usuário brasileiro encontrado (/user/FelipeZR, cidade: Brasília)! Adicionando à nova lista...
2023-10-08 20:52:09,437 - INFO - Possível usuário brasileiro encontrado (/user/Bonato, cidade: Brasil, 80% de similaridade com Brasiléia)! Adicionando à nova lista...
2023-10-08 20:52:09,438 - INFO - Adicionando também ao dicionário de revisão manual...
2023-10-08 20:52:10,962 - INFO - Usuário brasileiro encontrado (/user/RenatoBeercast, cidade: São Paulo)! Adicionando à nova lista...
2023-10-08 20:52:12,582 - INFO - Usuário brasileiro encontrado (/user/leonardosatt, cidade: São Paulo)! Adicionando à nova lista...
2023-10-08 20:52:13,383 - INFO - Possível usuário brasileiro encontrado (/user/Luquita_da_Cerveja, cidade: Brasil, 80% de similaridade com Brasiléia)! Adicionando à nova lista...
2023-10-08 20:52:13,384 - INFO - Adicionando também ao dicionário de revisão manual...
2023-10-08 20:52:14,116 - INFO - Possível usuário brasileiro encontrado (/user/tarcisiomu, cidade:  Porto Alegre, 80% de similaridade com Pouso Alegre)! Adicionando à nova lista...
2023-10-08 20:52:14,117 - INFO - Adicionando também ao dicionário de revisão manual...
2023-10-08 20:52:15,135 - INFO - Possível usuário brasileiro encontrado (/user/TheDragutz, cidade: Burque, 83% de similaridade com Buíque)! Adicionando à nova lista...
2023-10-08 20:52:15,135 - INFO - Adicionando também ao dicionário de revisão manual...
2023-10-08 20:52:16,419 - INFO - Possível usuário brasileiro encontrado (/user/rodrigoaraujo, cidade: Porto Alegre, RS, 86% de similaridade com Porto Alegre)! Adicionando à nova lista...
2023-10-08 20:52:16,419 - INFO - Adicionando também ao dicionário de revisão manual...
2023-10-08 20:52:17,316 - INFO - Usuário brasileiro encontrado (/user/iceBEHrg, cidade: São Paulo)! Adicionando à nova lista...
2023-10-08 20:52:18,059 - INFO - Usuário brasileiro encontrado (/user/xispeto, cidade: São Paulo)! Adicionando à nova lista...
2023-10-08 20:52:18,851 - INFO - Possível usuário brasileiro encontrado (/user/beeraroundtheworld, cidade: Sacramento, CA, 83% de similaridade com Sacramento)! Adicionando à nova lista...
2023-10-08 20:52:18,851 - INFO - Adicionando também ao dicionário de revisão manual...
2023-10-08 20:52:20,402 - INFO - Usuário brasileiro encontrado (/user/fblgd, cidade: Porto Alegre)! Adicionando à nova lista...
2023-10-08 20:52:21,392 - INFO - Usuário brasileiro encontrado (/user/mariomelo, cidade: Olinda)! Adicionando à nova lista...
2023-10-08 20:52:21,554 - INFO - Usuário brasileiro encontrado (/user/AmericoBCN, cidade: Barcelona)! Adicionando à nova lista...
2023-10-08 20:52:23,354 - INFO - Possível usuário brasileiro encontrado (/user/jakolling, cidade: Novo Hamburgo RS, 90% de similaridade com Novo Hamburgo)! Adicionando à nova lista...
2023-10-08 20:52:23,354 - INFO - Adicionando também ao dicionário de revisão manual...
2023-10-08 20:52:25,995 - INFO - Usuário brasileiro encontrado (/user/PauloAlmeida, cidade: São Paulo)! Adicionando à nova lista...
2023-10-08 20:52:33,021 - INFO - Possível usuário brasileiro encontrado (/user/Marcelobonato, cidade: Santo Andre, 91% de similaridade com Santo André)! Adicionando à nova lista...
2023-10-08 20:52:33,022 - INFO - Adicionando também ao dicionário de revisão manual...
2023-10-08 20:52:37,678 - INFO - Usuário brasileiro encontrado (/user/7veces7, cidade: Barcelona)! Adicionando à nova lista...
2023-10-08 20:52:40,173 - INFO - Usuário brasileiro encontrado (/user/rrodrigues, cidade: São Paulo)! Adicionando à nova lista...
2023-10-08 20:53:51,838 - INFO - Possível usuário brasileiro encontrado (/user/JenBam, cidade: Valparaiso, 90% de similaridade com Valparaíso)! Adicionando à nova lista...
2023-10-08 20:53:51,838 - INFO - Adicionando também ao dicionário de revisão manual...
2023-10-08 20:53:52,925 - INFO - Usuário brasileiro encontrado (/user/SinvalSantos, cidade: São Paulo)! Adicionando à nova lista...
2023-10-08 20:53:58,675 - INFO - Usuário brasileiro encontrado (/user/katykevin, cidade: Colorado)! Adicionando à nova lista...
2023-10-08 20:53:59,321 - INFO - Possível usuário brasileiro encontrado (/user/jpbonetti, cidade: Brasil, 80% de similaridade com Brasiléia)! Adicionando à nova lista...
2023-10-08 20:53:59,321 - INFO - Adicionando também ao dicionário de revisão manual...
2023-10-08 20:54:06,713 - INFO - Usuário brasileiro encontrado (/user/VitorFerragini, cidade: São Paulo)! Adicionando à nova lista...
2023-10-08 20:54:10,251 - INFO - Usuário brasileiro encontrado (/user/Elloisa007, cidade: São Paulo)! Adicionando à nova lista...
2023-10-08 20:54:17,462 - INFO - Usuário brasileiro encontrado (/user/pequenomestrex, cidade: São Paulo)! Adicionando à nova lista...
2023-10-08 20:54:28,828 - INFO - Usuário brasileiro encontrado (/user/marbuend, cidade: Barcelona)! Adicionando à nova lista...
2023-10-08 20:54:34,196 - INFO - Possível usuário brasileiro encontrado (/user/Terres7, cidade: Brasil, 80% de similaridade com Brasiléia)! Adicionando à nova lista...
2023-10-08 20:54:34,197 - INFO - Adicionando também ao dicionário de revisão manual...
2023-10-08 20:54:44,104 - INFO - Usuário brasileiro encontrado (/user/dfadel, cidade: Araras)! Adicionando à nova lista...
2023-10-08 20:54:46,456 - INFO - Usuário brasileiro encontrado (/user/feliperdamata, cidade: Campo Limpo Paulista)! Adicionando à nova lista...
2023-10-08 20:54:47,107 - INFO - Usuário brasileiro encontrado (/user/asiviero, cidade: São Paulo)! Adicionando à nova lista...
2023-10-08 20:54:52,294 - INFO - Possível usuário brasileiro encontrado (/user/hgpedro, cidade: São Paulo , 95% de similaridade com São Paulo)! Adicionando à nova lista...
2023-10-08 20:54:52,294 - INFO - Adicionando também ao dicionário de revisão manual...
2023-10-08 20:54:58,605 - INFO - Possível usuário brasileiro encontrado (/user/VioletBang, cidade: Joinville/SC, 86% de similaridade com Joinville)! Adicionando à nova lista...
2023-10-08 20:54:58,605 - INFO - Adicionando também ao dicionário de revisão manual...
2023-10-08 20:55:03,171 - INFO - Possível usuário brasileiro encontrado (/user/Horadogole, cidade: Sao Paulo, 89% de similaridade com São Paulo)! Adicionando à nova lista...
2023-10-08 20:55:03,171 - INFO - Adicionando também ao dicionário de revisão manual...
2023-10-08 20:55:07,862 - INFO - Usuário brasileiro encontrado (/user/mariomelo, cidade: Olinda)! Adicionando à nova lista...
2023-10-08 20:55:12,822 - INFO - Usuário brasileiro encontrado (/user/walterbiazzi, cidade: Mogi Mirim)! Adicionando à nova lista...
2023-10-08 20:55:23,778 - INFO - Possível usuário brasileiro encontrado (/user/Janiesway, cidade: Arizona , 80% de similaridade com Orizona)! Adicionando à nova lista...
2023-10-08 20:55:23,778 - INFO - Adicionando também ao dicionário de revisão manual...
2023-10-08 20:55:25,727 - INFO - Usuário brasileiro encontrado (/user/Cle, cidade: São João da Boa Vista)! Adicionando à nova lista...
2023-10-08 20:55:26,491 - INFO - Usuário brasileiro encontrado (/user/destinoscervejeiros, cidade: São Paulo)! Adicionando à nova lista...
2023-10-08 20:55:29,276 - INFO - Possível usuário brasileiro encontrado (/user/FernandoCCP, cidade: Rio de Janeiro , 97% de similaridade com Rio de Janeiro)! Adicionando à nova lista...
2023-10-08 20:55:29,276 - INFO - Adicionando também ao dicionário de revisão manual...
2023-10-08 20:55:32,656 - INFO - Usuário brasileiro encontrado (/user/jordaonegri, cidade: São Paulo)! Adicionando à nova lista...
2023-10-08 20:55:33,311 - INFO - Possível usuário brasileiro encontrado (/user/FabianoAlvesCCP, cidade: Rio de Janeiro , 97% de similaridade com Rio de Janeiro)! Adicionando à nova lista...
2023-10-08 20:55:33,311 - INFO - Adicionando também ao dicionário de revisão manual...
2023-10-08 20:55:34,872 - INFO - Possível usuário brasileiro encontrado (/user/annegaldino, cidade: Teresina-PI, 84% de similaridade com Teresina)! Adicionando à nova lista...
2023-10-08 20:55:34,876 - INFO - Adicionando também ao dicionário de revisão manual...
2023-10-08 20:56:43,315 - INFO - Possível usuário brasileiro encontrado (/user/Allan102392, cidade: Curitiba-PR, 84% de similaridade com Curitiba)! Adicionando à nova lista...
2023-10-08 20:56:43,315 - INFO - Adicionando também ao dicionário de revisão manual...
2023-10-08 20:56:47,963 - INFO - Usuário brasileiro encontrado (/user/alexandreprc, cidade: Rio de Janeiro)! Adicionando à nova lista...
2023-10-08 20:56:49,193 - INFO - Possível usuário brasileiro encontrado (/user/guiperito, cidade: Curitiba/PR, 84% de similaridade com Curitiba)! Adicionando à nova lista...
2023-10-08 20:56:49,209 - INFO - Adicionando também ao dicionário de revisão manual...
2023-10-08 20:56:50,116 - INFO - Usuário brasileiro encontrado (/user/Coroinha, cidade: Fortaleza)! Adicionando à nova lista...
2023-10-08 20:56:56,168 - INFO - Usuário brasileiro encontrado (/user/RuiC, cidade: Brasília)! Adicionando à nova lista...
2023-10-08 20:56:58,780 - INFO - Possível usuário brasileiro encontrado (/user/Psarachini, cidade: Sao Paulo, 89% de similaridade com São Paulo)! Adicionando à nova lista...
2023-10-08 20:56:58,780 - INFO - Adicionando também ao dicionário de revisão manual...
2023-10-08 20:57:00,703 - INFO - Possível usuário brasileiro encontrado (/user/tilibeer, cidade: Anápolis , 84% de similaridade com Anitápolis)! Adicionando à nova lista...
2023-10-08 20:57:00,703 - INFO - Adicionando também ao dicionário de revisão manual...
2023-10-08 20:57:00,878 - INFO - Usuário brasileiro encontrado (/user/aliandro, cidade: João Pessoa)! Adicionando à nova lista...
2023-10-08 20:57:01,492 - INFO - Possível usuário brasileiro encontrado (/user/sethbreaker, cidade: london, 83% de similaridade com Rondon)! Adicionando à nova lista...
2023-10-08 20:57:01,493 - INFO - Adicionando também ao dicionário de revisão manual...
2023-10-08 20:57:04,498 - INFO - Usuário brasileiro encontrado (/user/guilhermemattos, cidade: Brasília)! Adicionando à nova lista...
2023-10-08 20:57:05,185 - INFO - Possível usuário brasileiro encontrado (/user/Hlsjunior, cidade: Campos dos Goytacazes (RJ), 89% de similaridade com Campos dos Goytacazes)! Adicionando à nova lista...
2023-10-08 20:57:05,185 - INFO - Adicionando também ao dicionário de revisão manual...
2023-10-08 20:57:05,728 - INFO - Usuário brasileiro encontrado (/user/rafaelfajardojf, cidade: Juiz de Fora)! Adicionando à nova lista...
2023-10-08 20:57:06,511 - INFO - Usuário brasileiro encontrado (/user/Solanosolano, cidade: Juiz de Fora)! Adicionando à nova lista...
2023-10-08 20:57:06,752 - INFO - Usuário brasileiro encontrado (/user/thoschroder, cidade: Juiz de Fora)! Adicionando à nova lista...
2023-10-08 20:57:08,940 - INFO - Possível usuário brasileiro encontrado (/user/rafaeljnico, cidade: Bebedouro, SP, 82% de similaridade com Bebedouro)! Adicionando à nova lista...
2023-10-08 20:57:08,941 - INFO - Adicionando também ao dicionário de revisão manual...
2023-10-08 20:57:09,666 - INFO - Possível usuário brasileiro encontrado (/user/rogerlima, cidade: Brasília , 94% de similaridade com Brasília)! Adicionando à nova lista...
2023-10-08 20:57:09,666 - INFO - Adicionando também ao dicionário de revisão manual...
2023-10-08 20:57:09,906 - INFO - Possível usuário brasileiro encontrado (/user/Tognetta, cidade: São Paulo , 95% de similaridade com São Paulo)! Adicionando à nova lista...
2023-10-08 20:57:09,906 - INFO - Adicionando também ao dicionário de revisão manual...
2023-10-08 20:57:10,668 - INFO - Possível usuário brasileiro encontrado (/user/isaiascsc, cidade: São Benedito/CE, 89% de similaridade com São Benedito)! Adicionando à nova lista...
2023-10-08 20:57:10,668 - INFO - Adicionando também ao dicionário de revisão manual...
2023-10-08 20:57:17,201 - INFO - Usuário brasileiro encontrado (/user/Marianna-d1, cidade: São Paulo)! Adicionando à nova lista...
2023-10-08 20:57:17,544 - INFO - Possível usuário brasileiro encontrado (/user/netoiic, cidade: Bela Cruz CE, 86% de similaridade com Bela Cruz)! Adicionando à nova lista...
2023-10-08 20:57:17,544 - INFO - Adicionando também ao dicionário de revisão manual...
2023-10-08 20:57:19,139 - INFO - Usuário brasileiro encontrado (/user/PauloAlmeida, cidade: São Paulo)! Adicionando à nova lista...
2023-10-08 20:57:19,186 - INFO - Usuário brasileiro encontrado (/user/G_guimaraes, cidade: Belo Horizonte)! Adicionando à nova lista...
2023-10-08 20:57:20,658 - INFO - Usuário brasileiro encontrado (/user/rodrigoam, cidade: Brasília)! Adicionando à nova lista...
2023-10-08 20:57:22,265 - INFO - Possível usuário brasileiro encontrado (/user/Adamdj1994, cidade: San Antonio , 80% de similaridade com Santo Antônio)! Adicionando à nova lista...
2023-10-08 20:57:22,265 - INFO - Adicionando também ao dicionário de revisão manual...
2023-10-08 20:57:23,323 - INFO - Usuário brasileiro encontrado (/user/Sonel, cidade: Rio de Janeiro)! Adicionando à nova lista...
2023-10-08 20:57:24,484 - INFO - Possível usuário brasileiro encontrado (/user/sergiobarra, cidade: Brasil, 80% de similaridade com Brasiléia)! Adicionando à nova lista...
2023-10-08 20:57:24,484 - INFO - Adicionando também ao dicionário de revisão manual...
2023-10-08 20:57:26,243 - INFO - Possível usuário brasileiro encontrado (/user/GeorgeMAFC, cidade: Brasil, 80% de similaridade com Brasiléia)! Adicionando à nova lista...
2023-10-08 20:57:26,244 - INFO - Adicionando também ao dicionário de revisão manual...
2023-10-08 20:57:27,033 - INFO - Possível usuário brasileiro encontrado (/user/cevadis, cidade: Maringá,PR, 82% de similaridade com Maringá)! Adicionando à nova lista...
2023-10-08 20:57:27,049 - INFO - Adicionando também ao dicionário de revisão manual...
2023-10-08 20:57:27,820 - INFO - Usuário brasileiro encontrado (/user/rrpngg, cidade: Rio de Janeiro)! Adicionando à nova lista...
2023-10-08 20:57:29,685 - INFO - Usuário brasileiro encontrado (/user/GuiPenna, cidade: Brasília)! Adicionando à nova lista...
2023-10-08 20:57:30,361 - INFO - Usuário brasileiro encontrado (/user/thyagoebs, cidade: Brasília)! Adicionando à nova lista...
2023-10-08 20:57:30,673 - INFO - Usuário brasileiro encontrado (/user/hsazevedo, cidade: Rio de Janeiro)! Adicionando à nova lista...
2023-10-08 20:57:31,086 - INFO - Possível usuário brasileiro encontrado (/user/buenaspintas, cidade: Panama, 80% de similaridade com Parnarama)! Adicionando à nova lista...
2023-10-08 20:57:31,087 - INFO - Adicionando também ao dicionário de revisão manual...
2023-10-08 20:57:32,418 - INFO - Possível usuário brasileiro encontrado (/user/botecodoraoni, cidade: Rio de janeiro, 93% de similaridade com Rio de Janeiro)! Adicionando à nova lista...
2023-10-08 20:57:32,418 - INFO - Adicionando também ao dicionário de revisão manual...
2023-10-08 20:57:34,259 - INFO - Possível usuário brasileiro encontrado (/user/Renatoon, cidade: Brasil, 80% de similaridade com Brasiléia)! Adicionando à nova lista...
2023-10-08 20:57:34,259 - INFO - Adicionando também ao dicionário de revisão manual...
2023-10-08 20:57:34,275 - INFO - Possível usuário brasileiro encontrado (/user/dmaurell, cidade: rio de janeiro, 86% de similaridade com Rio de Janeiro)! Adicionando à nova lista...
2023-10-08 20:57:34,275 - INFO - Adicionando também ao dicionário de revisão manual...
2023-10-08 20:57:35,961 - INFO - Usuário brasileiro encontrado (/user/luizfmalta, cidade: São Paulo)! Adicionando à nova lista...
2023-10-08 20:57:36,954 - INFO - Possível usuário brasileiro encontrado (/user/Welbert_Rabelo, cidade: Brasilia, 94% de similaridade com Brasiléia)! Adicionando à nova lista...
2023-10-08 20:57:36,958 - INFO - Adicionando também ao dicionário de revisão manual...
2023-10-08 20:57:39,282 - INFO - Usuário brasileiro encontrado (/user/Leoh123, cidade: São Paulo)! Adicionando à nova lista...
2023-10-08 20:57:40,888 - INFO - Possível usuário brasileiro encontrado (/user/Nieltje, cidade: Madrid, 80% de similaridade com Mari)! Adicionando à nova lista...
2023-10-08 20:57:40,888 - INFO - Adicionando também ao dicionário de revisão manual...
2023-10-08 20:57:41,101 - INFO - Possível usuário brasileiro encontrado (/user/victorsdc, cidade: Brasília-DF, 84% de similaridade com Brasília)! Adicionando à nova lista...
2023-10-08 20:57:41,101 - INFO - Adicionando também ao dicionário de revisão manual...
2023-10-08 20:57:43,903 - INFO - Usuário brasileiro encontrado (/user/PauloBodebrown, cidade: Curitiba)! Adicionando à nova lista...
2023-10-08 20:58:51,784 - INFO - Usuário brasileiro encontrado (/user/FabricioLopess, cidade: Belo Horizonte)! Adicionando à nova lista...
2023-10-08 20:58:54,922 - INFO - Usuário brasileiro encontrado (/user/Lucasbfernandes, cidade: Brasília)! Adicionando à nova lista...
2023-10-08 20:58:57,643 - INFO - Possível usuário brasileiro encontrado (/user/nharig, cidade: Algona, 80% de similaridade com Alagoinha)! Adicionando à nova lista...
2023-10-08 20:58:57,643 - INFO - Adicionando também ao dicionário de revisão manual...
2023-10-08 20:58:59,989 - INFO - Possível usuário brasileiro encontrado (/user/rodr_correa, cidade: Rio de Janeiro , 97% de similaridade com Rio de Janeiro)! Adicionando à nova lista...
2023-10-08 20:58:59,989 - INFO - Adicionando também ao dicionário de revisão manual...
2023-10-08 20:59:01,791 - INFO - Possível usuário brasileiro encontrado (/user/TheOldItalianBeermaster, cidade: Almere, 83% de similaridade com Alegre)! Adicionando à nova lista...
2023-10-08 20:59:01,792 - INFO - Adicionando também ao dicionário de revisão manual...
2023-10-08 20:59:01,848 - INFO - Usuário brasileiro encontrado (/user/alessandrosilva, cidade: Rio de Janeiro)! Adicionando à nova lista...
2023-10-08 20:59:06,007 - INFO - Usuário brasileiro encontrado (/user/Andre_Barreiro, cidade: Ribeirão Preto)! Adicionando à nova lista...
2023-10-08 20:59:07,493 - INFO - Possível usuário brasileiro encontrado (/user/NasciBahia, cidade: Brasil, 80% de similaridade com Brasiléia)! Adicionando à nova lista...
2023-10-08 20:59:07,502 - INFO - Adicionando também ao dicionário de revisão manual...
2023-10-08 20:59:09,419 - INFO - Possível usuário brasileiro encontrado (/user/madudeszo, cidade: São Paulo , 95% de similaridade com São Paulo)! Adicionando à nova lista...
2023-10-08 20:59:09,434 - INFO - Adicionando também ao dicionário de revisão manual...
2023-10-08 20:59:10,267 - INFO - Possível usuário brasileiro encontrado (/user/Thiago_Frutiquello, cidade: Vinhedo/SP, 82% de similaridade com Vinhedo)! Adicionando à nova lista...
2023-10-08 20:59:10,267 - INFO - Adicionando também ao dicionário de revisão manual...
2023-10-08 20:59:13,236 - INFO - Possível usuário brasileiro encontrado (/user/Welbert_Rabelo, cidade: Brasilia, 94% de similaridade com Brasiléia)! Adicionando à nova lista...
2023-10-08 20:59:13,236 - INFO - Adicionando também ao dicionário de revisão manual...
2023-10-08 20:59:13,887 - INFO - Usuário brasileiro encontrado (/user/mallegretti, cidade: São Paulo)! Adicionando à nova lista...
2023-10-08 20:59:14,432 - INFO - Usuário brasileiro encontrado (/user/bicalho, cidade: Campinas)! Adicionando à nova lista...
2023-10-08 20:59:15,325 - INFO - Possível usuário brasileiro encontrado (/user/alexrock, cidade: Florianópolis , 80% de similaridade com Ulianópolis)! Adicionando à nova lista...
2023-10-08 20:59:15,325 - INFO - Adicionando também ao dicionário de revisão manual...
2023-10-08 20:59:16,018 - INFO - Usuário brasileiro encontrado (/user/pequenomestrex, cidade: São Paulo)! Adicionando à nova lista...
2023-10-08 20:59:16,898 - INFO - Usuário brasileiro encontrado (/user/Davidandrei, cidade: Joaçaba)! Adicionando à nova lista...
2023-10-08 20:59:18,610 - INFO - Usuário brasileiro encontrado (/user/asiviero, cidade: São Paulo)! Adicionando à nova lista...
2023-10-08 20:59:19,295 - INFO - Possível usuário brasileiro encontrado (/user/Gabrielagraal, cidade: Brasil, 80% de similaridade com Brasiléia)! Adicionando à nova lista...
2023-10-08 20:59:19,295 - INFO - Adicionando também ao dicionário de revisão manual...
2023-10-08 20:59:20,046 - INFO - Usuário brasileiro encontrado (/user/Beto_Basso, cidade: Curitiba)! Adicionando à nova lista...
2023-10-08 20:59:21,356 - INFO - Usuário brasileiro encontrado (/user/AndreSiphon, cidade: Curitiba)! Adicionando à nova lista...
2023-10-08 20:59:22,552 - INFO - Usuário brasileiro encontrado (/user/joaohespanha, cidade: Curitiba)! Adicionando à nova lista...
2023-10-08 20:59:26,279 - INFO - Usuário brasileiro encontrado (/user/The12Beers, cidade: Curitiba)! Adicionando à nova lista...
2023-10-08 20:59:28,841 - INFO - Usuário brasileiro encontrado (/user/ArthurFadir, cidade: Uberlândia)! Adicionando à nova lista...
2023-10-08 20:59:30,662 - INFO - Usuário brasileiro encontrado (/user/ArgentinoDuarte, cidade: Curitiba)! Adicionando à nova lista...
2023-10-08 20:59:31,432 - INFO - Possível usuário brasileiro encontrado (/user/Barbarabreus, cidade: Curitiba , 82% de similaridade com Muritiba)! Adicionando à nova lista...
2023-10-08 20:59:31,432 - INFO - Adicionando também ao dicionário de revisão manual...
2023-10-08 20:59:32,252 - INFO - Possível usuário brasileiro encontrado (/user/gameirobreno, cidade: Rio de Janeiro, RJ, 88% de similaridade com Rio de Janeiro)! Adicionando à nova lista...
2023-10-08 20:59:32,252 - INFO - Adicionando também ao dicionário de revisão manual...
2023-10-08 20:59:32,393 - INFO - Usuário brasileiro encontrado (/user/cozinheiro2008, cidade: Curitiba)! Adicionando à nova lista...
2023-10-08 20:59:32,979 - INFO - Possível usuário brasileiro encontrado (/user/DineiBorges, cidade: Uberaba/MG, 82% de similaridade com Uberaba)! Adicionando à nova lista...
2023-10-08 20:59:32,980 - INFO - Adicionando também ao dicionário de revisão manual...
2023-10-08 20:59:34,550 - INFO - Usuário brasileiro encontrado (/user/cadu_da_cerva, cidade: Guarulhos)! Adicionando à nova lista...
2023-10-08 20:59:35,321 - INFO - Possível usuário brasileiro encontrado (/user/EMDaudt, cidade: Curitiba , 82% de similaridade com Muritiba)! Adicionando à nova lista...
2023-10-08 20:59:35,321 - INFO - Adicionando também ao dicionário de revisão manual...
2023-10-08 20:59:36,001 - INFO - Possível usuário brasileiro encontrado (/user/Maribybyk, cidade: Curitiba , 82% de similaridade com Muritiba)! Adicionando à nova lista...
2023-10-08 20:59:36,001 - INFO - Adicionando também ao dicionário de revisão manual...
2023-10-08 20:59:37,059 - INFO - Possível usuário brasileiro encontrado (/user/tatileitenski, cidade: Curitiba , 82% de similaridade com Muritiba)! Adicionando à nova lista...
2023-10-08 20:59:37,059 - INFO - Adicionando também ao dicionário de revisão manual...
2023-10-08 20:59:37,327 - INFO - Usuário brasileiro encontrado (/user/michel_oliveira_8057, cidade: São Paulo)! Adicionando à nova lista...
2023-10-08 20:59:38,433 - INFO - Possível usuário brasileiro encontrado (/user/llu, cidade: Curitiba , 82% de similaridade com Muritiba)! Adicionando à nova lista...
2023-10-08 20:59:38,439 - INFO - Adicionando também ao dicionário de revisão manual...
2023-10-08 20:59:41,139 - INFO - Possível usuário brasileiro encontrado (/user/Matheus_Fedel, cidade: Serra Negra SP, 88% de similaridade com Serra Negra)! Adicionando à nova lista...
2023-10-08 20:59:41,140 - INFO - Adicionando também ao dicionário de revisão manual...
2023-10-08 20:59:42,061 - INFO - Possível usuário brasileiro encontrado (/user/ZehClementino, cidade: Fortaleza/CE, 86% de similaridade com Fortaleza)! Adicionando à nova lista...
2023-10-08 20:59:42,061 - INFO - Adicionando também ao dicionário de revisão manual...
2023-10-08 20:59:42,505 - INFO - Usuário brasileiro encontrado (/user/b33r-club, cidade: Curitiba)! Adicionando à nova lista...
2023-10-08 20:59:42,752 - INFO - Possível usuário brasileiro encontrado (/user/dmaurell, cidade: rio de janeiro, 86% de similaridade com Rio de Janeiro)! Adicionando à nova lista...
2023-10-08 20:59:42,753 - INFO - Adicionando também ao dicionário de revisão manual...
2023-10-08 20:59:44,177 - INFO - Usuário brasileiro encontrado (/user/gui_gfa, cidade: São Paulo)! Adicionando à nova lista...
2023-10-08 20:59:45,634 - INFO - Possível usuário brasileiro encontrado (/user/dwatzenig, cidade: Austria, 80% de similaridade com Adustina)! Adicionando à nova lista...
2023-10-08 20:59:45,634 - INFO - Adicionando também ao dicionário de revisão manual...
2023-10-08 20:59:46,620 - INFO - Usuário brasileiro encontrado (/user/LeoKorte, cidade: Curitiba)! Adicionando à nova lista...
